0 info it worked if it ends with ok
1 verbose cli [ '/usr/bin/node', '/usr/bin/npm', 'run', 'pm2' ]
2 info using npm@3.5.2
3 info using node@v8.10.0
4 verbose run-script [ 'prepm2', 'pm2', 'postpm2' ]
5 info lifecycle infosys@0.0.0~prepm2: infosys@0.0.0
6 silly lifecycle infosys@0.0.0~prepm2: no script for prepm2, continuing
7 info lifecycle infosys@0.0.0~pm2: infosys@0.0.0
8 verbose lifecycle infosys@0.0.0~pm2: unsafe-perm in lifecycle true
9 verbose lifecycle infosys@0.0.0~pm2: PATH: /usr/share/npm/bin/node-gyp-bin:/home/zzt/Desktop/InfoSys/node_modules/.bin:/home/zzt/.local/bin:/usr/local/sbin:/usr/local/bin:/usr/sbin:/usr/bin:/sbin:/bin:/usr/games:/usr/local/games:/snap/bin:/home/zzt/gowork/bin
10 verbose lifecycle infosys@0.0.0~pm2: CWD: /home/zzt/Desktop/InfoSys
11 silly lifecycle infosys@0.0.0~pm2: Args: [ '-c', 'pm2 start processes.json' ]
12 info lifecycle infosys@0.0.0~pm2: Failed to exec pm2 script
13 verbose stack Error: infosys@0.0.0 pm2: `pm2 start processes.json`
13 verbose stack spawn ENOENT
13 verbose stack     at ChildProcess.<anonymous> (/usr/share/npm/lib/utils/spawn.js:17:16)
13 verbose stack     at emitTwo (events.js:126:13)
13 verbose stack     at ChildProcess.emit (events.js:214:7)
13 verbose stack     at maybeClose (internal/child_process.js:925:16)
13 verbose stack     at Process.ChildProcess._handle.onexit (internal/child_process.js:209:5)
14 verbose pkgid infosys@0.0.0
15 verbose cwd /home/zzt/Desktop/InfoSys
16 error Linux 4.15.0-45-generic
17 error argv "/usr/bin/node" "/usr/bin/npm" "run" "pm2"
18 error node v8.10.0
19 error npm  v3.5.2
20 error file sh
21 error code ELIFECYCLE
22 error errno ENOENT
23 error syscall spawn
24 error infosys@0.0.0 pm2: `pm2 start processes.json`
24 error spawn ENOENT
25 error Failed at the infosys@0.0.0 pm2 script 'pm2 start processes.json'.
25 error Make sure you have the latest version of node.js and npm installed.
25 error If you do, this is most likely a problem with the infosys package,
25 error not with npm itself.
25 error Tell the author that this fails on your system:
25 error     pm2 start processes.json
25 error You can get information on how to open an issue for this project with:
25 error     npm bugs infosys
25 error Or if that isn't available, you can get their info via:
25 error     npm owner ls infosys
25 error There is likely additional logging output above.
26 verbose exit [ 1, true ]
